[    0.000000] Linux version 4.8.0-51-generic (buildd@lgw01-31) (gcc version 6.2.0 20161005 (Ubuntu 6.2.0-5ubuntu12) ) #54-Ubuntu SMP Tue Apr 25 16:32:21 UTC 2017 (Ubuntu 4.8.0-51.54-generic 4.8.17)
[    0.000000] Command line: BOOT_IMAGE=/boot/vmlinuz-4.8.0-51-generic root=LABEL=cloudimg-rootfs ro console=tty1 console=ttyS0
[    0.000000] KERNEL supported cpus:
[    0.000000]   Intel GenuineIntel
[    0.000000]   AMD AuthenticAMD
[    0.000000]   Centaur CentaurHauls
[    0.000000] x86/fpu: Supporting XSAVE feature 0x001: 'x87 floating point registers'
[    0.000000] x86/fpu: Supporting XSAVE feature 0x002: 'SSE registers'
[    0.000000] x86/fpu: Supporting XSAVE feature 0x004: 'AVX registers'
[    0.000000] x86/fpu: xstate_offset[2]:  576, xstate_sizes[2]:  256
[    0.000000] x86/fpu: Enabled xstate features 0x7, context size is 832 bytes, using 'standard' format.
[    0.000000] x86/fpu: Using 'eager' FPU context switches.
[    0.000000] e820: BIOS-provided physical RAM map:
[    0.000000] BIOS-e820: [mem 0x0000000000000000-0x000000000009fbff] usable
[    0.000000] BIOS-e820: [mem 0x000000000009fc00-0x000000000009ffff] reserved
[    0.000000] BIOS-e820: [mem 0x00000000000f0000-0x00000000000fffff] reserved
[    0.000000] BIOS-e820: [mem 0x0000000000100000-0x000000007ffeffff] usable
[    0.000000] BIOS-e820: [mem 0x000000007fff0000-0x000000007fffffff] ACPI data
[    0.000000] BIOS-e820: [mem 0x00000000fec00000-0x00000000fec00fff] reserved
[    0.000000] BIOS-e820: [mem 0x00000000fee00000-0x00000000fee00fff] reserved
[    0.000000] BIOS-e820: [mem 0x00000000fffc0000-0x00000000ffffffff] reserved
[    0.000000] NX (Execute Disable) protection: active
[    0.000000] SMBIOS 2.5 present.
[    0.000000] Hypervisor detected: KVM
[    0.000000] e820: last_pfn = 0x7fff0 max_arch_pfn = 0x400000000
[    0.000000] MTRR: Disabled
[    0.000000] x86/PAT: MTRRs disabled, skipping PAT initialization too.
[    0.000000] x86/PAT: Configuration [0-7]: WB  WT  UC- UC  WB  WT  UC- UC  
[    0.000000] CPU MTRRs all blank - virtualized system.
[    0.000000] found SMP MP-table at [mem 0x0009fff0-0x0009ffff] mapped at [ffff950a8009fff0]
[    0.000000] Scanning 1 areas for low memory corruption
[    0.000000] RAMDISK: [mem 0x3697e000-0x374b6fff]
[    0.000000] ACPI: Early table checksum verification disabled
[    0.000000] ACPI: RSDP 0x00000000000E0000 000024 (v02 VBOX  )
[    0.000000] ACPI: XSDT 0x000000007FFF0030 00003C (v01 VBOX   VBOXXSDT 00000001 ASL  00000061)
[    0.000000] ACPI: FACP 0x000000007FFF00F0 0000F4 (v04 VBOX   VBOXFACP 00000001 ASL  00000061)
[    0.000000] ACPI: DSDT 0x000000007FFF0470 0021C8 (v02 VBOX   VBOXBIOS 00000002 INTL 20100528)
[    0.000000] ACPI: FACS 0x000000007FFF0200 000040
[    0.000000] ACPI: FACS 0x000000007FFF0200 000040
[    0.000000] ACPI: APIC 0x000000007FFF0240 00005C (v02 VBOX   VBOXAPIC 00000001 ASL  00000061)
[    0.000000] ACPI: SSDT 0x000000007FFF02A0 0001CC (v01 VBOX   VBOXCPUT 00000002 INTL 20100528)
[    0.000000] No NUMA configuration found
[    0.000000] Faking a node at [mem 0x0000000000000000-0x000000007ffeffff]
[    0.000000] NODE_DATA(0) allocated [mem 0x7ffeb000-0x7ffeffff]
[    0.000000] kvm-clock: Using msrs 4b564d01 and 4b564d00
[    0.000000] kvm-clock: cpu 0, msr 0:7ffe3001, primary cpu clock
[    0.000000] kvm-clock: using sched offset of 3097755414 cycles
[    0.000000] clocksource: kvm-clock: mask: 0xffffffffffffffff max_cycles: 0x1cd42e4dffb, max_idle_ns: 881590591483 ns
[    0.000000] Zone ranges:
[    0.000000]   DMA      [mem 0x0000000000001000-0x0000000000ffffff]
[    0.000000]   DMA32    [mem 0x0000000001000000-0x000000007ffeffff]
[    0.000000]   Normal   empty
[    0.000000]   Device   empty
[    0.000000] Movable zone start for each node
[    0.000000] Early memory node ranges
[    0.000000]   node   0: [mem 0x0000000000001000-0x000000000009efff]
[    0.000000]   node   0: [mem 0x0000000000100000-0x000000007ffeffff]
[    0.000000] Initmem setup node 0 [mem 0x0000000000001000-0x000000007ffeffff]
[    0.000000] ACPI: PM-Timer IO Port: 0x4008
[    0.000000] IOAPIC[0]: apic_id 2, version 32, address 0xfec00000, GSI 0-23
[    0.000000] ACPI: INT_SRC_OVR (bus 0 bus_irq 0 global_irq 2 dfl dfl)
[    0.000000] ACPI: INT_SRC_OVR (bus 0 bus_irq 9 global_irq 9 high level)
[    0.000000] Using ACPI (MADT) for SMP configuration information
[    0.000000] smpboot: Allowing 2 CPUs, 0 hotplug CPUs
[    0.000000] PM: Registered nosave memory: [mem 0x00000000-0x00000fff]
[    0.000000] PM: Registered nosave memory: [mem 0x0009f000-0x0009ffff]
[    0.000000] PM: Registered nosave memory: [mem 0x000a0000-0x000effff]
[    0.000000] PM: Registered nosave memory: [mem 0x000f0000-0x000fffff]
[    0.000000] e820: [mem 0x80000000-0xfebfffff] available for PCI devices
[    0.000000] Booting paravirtualized kernel on KVM
[    0.000000] clocksource: refined-jiffies: mask: 0xffffffff max_cycles: 0xffffffff, max_idle_ns: 7645519600211568 ns
[    0.000000] setup_percpu: NR_CPUS:512 nr_cpumask_bits:512 nr_cpu_ids:2 nr_node_ids:1
[    0.000000] percpu: Embedded 36 pages/cpu @ffff950affc00000 s107864 r8192 d31400 u1048576
[    0.000000] PV qspinlock hash table entries: 256 (order: 0, 4096 bytes)
[    0.000000] Built 1 zonelists in Node order, mobility grouping on.  Total pages: 515961
[    0.000000] Policy zone: DMA32
[    0.000000] Kernel command line: BOOT_IMAGE=/boot/vmlinuz-4.8.0-51-generic root=LABEL=cloudimg-rootfs ro console=tty1 console=ttyS0
[    0.000000] PID hash table entries: 4096 (order: 3, 32768 bytes)
[    0.000000] Memory: 2033036K/2096696K available (8848K kernel code, 1441K rwdata, 3828K rodata, 1552K init, 1296K bss, 63660K reserved, 0K cma-reserved)
[    0.000000] SLUB: HWalign=64, Order=0-3, MinObjects=0, CPUs=2, Nodes=1
[    0.000000] Hierarchical RCU implementation.
[    0.000000] 	Build-time adjustment of leaf fanout to 64.
[    0.000000] 	RCU restricting CPUs from NR_CPUS=512 to nr_cpu_ids=2.
[    0.000000] RCU: Adjusting geometry for rcu_fanout_leaf=64, nr_cpu_ids=2
[    0.000000] NR_IRQS:33024 nr_irqs:440 16
[    0.000000] Console: colour VGA+ 80x25
[    0.000000] console [tty1] enabled
[    0.000000] console [ttyS0] enabled
[    0.000000] tsc: Detected 2294.770 MHz processor
[    2.732577] Calibrating delay loop (skipped) preset value.. 4589.54 BogoMIPS (lpj=9179080)
[    2.739957] pid_max: default: 32768 minimum: 301
[    2.771515] ACPI: Core revision 20160422
[    2.795440] ACPI: 2 ACPI AML tables successfully acquired and loaded
[    2.833207] 
[    2.833733] Security Framework initialized
[    2.842589] Yama: becoming mindful.
[    2.889872] AppArmor: AppArmor initialized
[    2.905912] Dentry cache hash table entries: 262144 (order: 9, 2097152 bytes)
[    2.913196] Inode-cache hash table entries: 131072 (order: 8, 1048576 bytes)
[    2.947491] Mount-cache hash table entries: 4096 (order: 3, 32768 bytes)
[    2.971120] Mountpoint-cache hash table entries: 4096 (order: 3, 32768 bytes)
[    2.989548] CPU: Physical Processor ID: 0
[    3.016586] CPU: Processor Core ID: 0
[    3.038523] mce: CPU supports 0 MCE banks
[    3.045006] Last level iTLB entries: 4KB 512, 2MB 8, 4MB 8
[    3.066569] Last level dTLB entries: 4KB 512, 2MB 32, 4MB 32, 1GB 0
[    3.070143] Freeing SMP alternatives memory: 32K (ffffffffb52ee000 - ffffffffb52f6000)
[    3.130523] ftrace: allocating 33428 entries in 131 pages
[    3.263456] smpboot: APIC(0) Converting physical 0 to logical package 0
[    3.271534] smpboot: Max logical packages: 1
[    3.338329] x2apic enabled
[    3.387477] Switched APIC routing to physical x2apic.
[    3.393749] ..TIMER: vector=0x30 apic1=0 pin1=2 apic2=-1 pin2=-1
[    3.582148] smpboot: CPU0: Intel(R) Core(TM) i7-3615QM CPU @ 2.30GHz (family: 0x6, model: 0x3a, stepping: 0x9)
[    3.678961] Performance Events: unsupported p6 CPU model 58 no PMU driver, software events only.
[    3.722476] KVM setup paravirtual spinlock
[    3.741187] x86: Booting SMP configuration:
[    3.766755] .... node  #0, CPUs:      #1
[    3.783153] kvm-clock: cpu 1, msr 0:7ffe3041, secondary cpu clock
[    3.838015] mce: CPU supports 0 MCE banks
[    3.878601] x86: Booted up 1 node, 2 CPUs
[    3.894035] smpboot: Total of 2 processors activated (9179.08 BogoMIPS)
[    3.950262] devtmpfs: initialized
[    3.964232] x86/mm: Memory block size: 128MB
[    3.984165] evm: security.selinux
[    3.989197] evm: security.SMACK64
[    4.001615] evm: security.SMACK64EXEC
[    4.012346] evm: security.SMACK64TRANSMUTE
[    4.026711] evm: security.SMACK64MMAP
[    4.042659] evm: security.ima
[    4.054903] evm: security.capability
[    4.056019] clocksource: jiffies: mask: 0xffffffff max_cycles: 0xffffffff, max_idle_ns: 7645041785100000 ns
[    4.070668] pinctrl core: initialized pinctrl subsystem
[    4.082765] RTC time: 17:25:07, date: 05/16/17
[    4.094941] NET: Registered protocol family 16
[    4.122885] cpuidle: using governor ladder
[    4.203058] cpuidle: using governor menu
[    4.216171] PCCT header not found.
[    4.261890] ACPI: bus type PCI registered
[    4.334074] acpiphp: ACPI Hot Plug PCI Controller Driver version: 0.5
[    4.460289] PCI: Using configuration type 1 for base access
[    4.536823] HugeTLB registered 2 MB page size, pre-allocated 0 pages
[    4.562510] ACPI: Added _OSI(Module Device)
[    4.628795] ACPI: Added _OSI(Processor Device)
[    4.647851] ACPI: Added _OSI(3.0 _SCP Extensions)
[    4.674057] ACPI: Added _OSI(Processor Aggregator Device)
[    4.683975] ACPI: Executed 1 blocks of module-level executable AML code
[    4.712184] ACPI: Interpreter enabled
[    4.728034] ACPI: (supports S0 S5)
[    4.767877] ACPI: Using IOAPIC for interrupt routing
[    4.769147] PCI: Using host bridge windows from ACPI; if necessary, use "pci=nocrs" and report a bug
[    4.800533] ACPI: PCI Root Bridge [PCI0] (domain 0000 [bus 00-ff])
[    4.827352] acpi PNP0A03:00: _OSC: OS supports [ASPM ClockPM Segments MSI]
[    4.856840] acpi PNP0A03:00: _OSC failed (AE_NOT_FOUND); disabling ASPM
[    4.884199] acpi PNP0A03:00: fail to add MMCONFIG information, can't access extended PCI configuration space under this bridge.
[    4.913310] PCI host bridge to bus 0000:00
[    4.935047] pci_bus 0000:00: root bus resource [io  0x0000-0x0cf7 window]
[    4.953037] pci_bus 0000:00: root bus resource [io  0x0d00-0xffff window]
[    4.954362] pci_bus 0000:00: root bus resource [mem 0x000a0000-0x000bffff window]
[    4.980962] pci_bus 0000:00: root bus resource [mem 0x80000000-0xffdfffff window]
[    5.019604] pci_bus 0000:00: root bus resource [bus 00-ff]
[    5.040261] pci 0000:00:01.1: legacy IDE quirk: reg 0x10: [io  0x01f0-0x01f7]
[    5.082892] pci 0000:00:01.1: legacy IDE quirk: reg 0x14: [io  0x03f6]
[    5.149750] pci 0000:00:01.1: legacy IDE quirk: reg 0x18: [io  0x0170-0x0177]
[    5.182690] pci 0000:00:01.1: legacy IDE quirk: reg 0x1c: [io  0x0376]
[    5.221186] pci 0000:00:07.0: quirk: [io  0x4000-0x403f] claimed by PIIX4 ACPI
[    5.228389] pci 0000:00:07.0: quirk: [io  0x4100-0x410f] claimed by PIIX4 SMB
[    5.309481] ACPI: PCI Interrupt Link [LNKA] (IRQs 5 9 10 *11)
[    5.367653] ACPI: PCI Interrupt Link [LNKB] (IRQs 5 9 10 *11)
[    5.419516] ACPI: PCI Interrupt Link [LNKC] (IRQs 5 9 *10 11)
[    5.434448] ACPI: PCI Interrupt Link [LNKD] (IRQs 5 *9 10 11)
[    5.453243] ACPI: Enabled 2 GPEs in block 00 to 07
[    5.542157] SCSI subsystem initialized
[    5.567673] vgaarb: setting as boot device: PCI:0000:00:02.0
[    5.668667] vgaarb: device added: PCI:0000:00:02.0,decodes=io+mem,owns=io+mem,locks=none
[    5.749073] vgaarb: loaded
[    5.768683] vgaarb: bridge control possible 0000:00:02.0
[    5.812254] ACPI: bus type USB registered
[    5.821893] usbcore: registered new interface driver usbfs
[    5.823058] usbcore: registered new interface driver hub
[    5.824190] usbcore: registered new device driver usb
[    5.858423] PCI: Using ACPI for IRQ routing
[    5.925232] NetLabel: Initializing
[    5.943594] NetLabel:  domain hash size = 128
[    5.967750] NetLabel:  protocols = UNLABELED CIPSOv4
[    5.992117] NetLabel:  unlabeled traffic allowed by default
[    6.032992] clocksource: Switched to clocksource kvm-clock
[    6.055392] VFS: Disk quotas dquot_6.6.0
[    6.063185] VFS: Dquot-cache hash table entries: 512 (order 0, 4096 bytes)
[    6.064706] AppArmor: AppArmor Filesystem Enabled
[    6.080541] pnp: PnP ACPI init
[    6.082306] pnp: PnP ACPI: found 3 devices
[    6.154787] clocksource: acpi_pm: mask: 0xffffff max_cycles: 0xffffff, max_idle_ns: 2085701024 ns
[    6.182143] NET: Registered protocol family 2
[    6.183353] TCP established hash table entries: 16384 (order: 5, 131072 bytes)
[    6.267421] TCP bind hash table entries: 16384 (order: 6, 262144 bytes)
[    6.398829] TCP: Hash tables configured (established 16384 bind 16384)
[    6.447573] UDP hash table entries: 1024 (order: 3, 32768 bytes)
[    6.455135] UDP-Lite hash table entries: 1024 (order: 3, 32768 bytes)
[    6.473088] NET: Registered protocol family 1
[    6.528034] pci 0000:00:00.0: Limiting direct PCI/PCI transfers
[    6.560713] pci 0000:00:01.0: Activating ISA DMA hang workarounds
[    6.651606] pci 0000:00:02.0: Video device with shadowed ROM at [mem 0x000c0000-0x000dffff]
[    6.667049] Unpacking initramfs...
[    8.640833] Freeing initrd memory: 11492K (ffff950ab697e000 - ffff950ab74b7000)
[    8.774905] platform rtc_cmos: registered platform RTC device (no PNP device found)
[    8.862408] Scanning for low memory corruption every 60 seconds
[    8.953136] futex hash table entries: 512 (order: 3, 32768 bytes)
[    8.982580] audit: initializing netlink subsys (disabled)
[    9.064530] audit: type=2000 audit(1494955511.605:1): initialized
[    9.147471] Initialise system trusted keyrings
[    9.291579] workingset: timestamp_bits=40 max_order=19 bucket_order=0
[    9.322803] zbud: loaded
[    9.333304] squashfs: version 4.0 (2009/01/31) Phillip Lougher
[    9.355907] fuse init (API version 7.25)
[    9.371133] Allocating IMA blacklist keyring.
[    9.403674] Key type asymmetric registered
[    9.509372] Asymmetric key parser 'x509' registered
[    9.622020] Block layer SCSI generic (bsg) driver version 0.4 loaded (major 248)
[    9.752867] io scheduler noop registered
[    9.847405] io scheduler deadline registered (default)
[    9.972215] tsc: Refined TSC clocksource calibration: 2293.020 MHz
[    9.972266] io scheduler cfq registered
[    9.972368] pci_hotplug: PCI Hot Plug PCI Core version: 0.5
[    9.972372] pciehp: PCI Express Hot Plug Controller Driver version: 0.4
[    9.972604] ACPI: AC Adapter [AC] (on-line)
[    9.972657] input: Power Button as /devices/LNXSYSTM:00/LNXPWRBN:00/input/input0
[    9.972660] ACPI: Power Button [PWRF]
[    9.972739] input: Sleep Button as /devices/LNXSYSTM:00/LNXSLPBN:00/input/input1
[    9.972741] ACPI: Sleep Button [SLPF]
[    9.972894] GHES: HEST is not enabled!
[   10.062988] Serial: 8250/16550 driver, 32 ports, IRQ sharing enabled
[   10.144638] 00:02: ttyS0 at I/O 0x3f8 (irq = 4, base_baud = 115200) is a 16550A
[   10.193708] Linux agpgart interface v0.103
[   10.206338] loop: module loaded
[   10.206845] scsi host0: ata_piix
[   10.206915] scsi host1: ata_piix
[   10.206947] ata1: PATA max UDMA/33 cmd 0x1f0 ctl 0x3f6 bmdma 0xd000 irq 14
[   10.206948] ata2: PATA max UDMA/33 cmd 0x170 ctl 0x376 bmdma 0xd008 irq 15
[   10.207011] libphy: Fixed MDIO Bus: probed
[   10.207012] tun: Universal TUN/TAP device driver, 1.6
[   10.207013] tun: (C) 1999-2004 Max Krasnyansky <maxk@qualcomm.com>
[   10.207320] PPP generic driver version 2.4.2
[   10.207360] ehci_hcd: USB 2.0 'Enhanced' Host Controller (EHCI) Driver
[   10.207364] ehci-pci: EHCI PCI platform driver
[   10.207381] ehci-platform: EHCI generic platform driver
[   10.207396] ohci_hcd: USB 1.1 'Open' Host Controller (OHCI) Driver
[   10.207398] ohci-pci: OHCI PCI platform driver
[   10.207405] ohci-platform: OHCI generic platform driver
[   10.207410] uhci_hcd: USB Universal Host Controller Interface driver
[   10.207461] i8042: PNP: PS/2 Controller [PNP0303:PS2K,PNP0f03:PS2M] at 0x60,0x64 irq 1,12
[   10.207911] serio: i8042 KBD port at 0x60,0x64 irq 1
[   10.207915] serio: i8042 AUX port at 0x60,0x64 irq 12
[   10.208008] mousedev: PS/2 mouse device common for all mice
[   10.208280] input: AT Translated Set 2 keyboard as /devices/platform/i8042/serio0/input/input2
[   10.208615] rtc_cmos rtc_cmos: rtc core: registered rtc_cmos as rtc0
[   10.208669] rtc_cmos rtc_cmos: alarms up to one day, 114 bytes nvram
[   10.208673] i2c /dev entries driver
[   10.208722] device-mapper: uevent: version 1.0.3
[   10.208772] device-mapper: ioctl: 4.35.0-ioctl (2016-06-23) initialised: dm-devel@redhat.com
[   12.166575] clocksource: tsc: mask: 0xffffffffffffffff max_cycles: 0x210d735cf44, max_idle_ns: 440795209444 ns
[   12.363333] ledtrig-cpu: registered to indicate activity on CPUs
[   12.396694] NET: Registered protocol family 10
[   12.405111] NET: Registered protocol family 17
[   12.423534] Key type dns_resolver registered
[   12.430246] microcode: sig=0x306a9, pf=0x2, revision=0x19
[   12.446124] microcode: Microcode Update Driver: v2.01 <tigran@aivazian.fsnet.co.uk>, Peter Oruba
[   12.559606] registered taskstats version 1
[   12.571539] Loading compiled-in X.509 certificates
[   12.582700] Loaded X.509 cert 'Build time autogenerated kernel key: 2dbc39a8a863cda32add83f68ff2963085ef9809'
[   12.603612] zswap: loaded using pool lzo/zbud
[   12.637667] Key type big_key registered
[   12.660451] Key type trusted registered
[   12.688124] Key type encrypted registered
[   12.692516] AppArmor: AppArmor sha1 policy hashing enabled
[   12.713971] ima: No TPM chip found, activating TPM-bypass!
[   12.735130] evm: HMAC attrs: 0x1
[   12.740337]   Magic number: 1:374:441
[   12.747253] rtc_cmos rtc_cmos: setting system clock to 2017-05-16 17:25:15 UTC (1494955515)
[   12.782675] BIOS EDD facility v0.16 2004-Jun-25, 0 devices found
[   12.819355] EDD information not available.
[   12.857296] Freeing unused kernel memory: 1552K (ffffffffb516a000 - ffffffffb52ee000)
[   12.867596] Write protecting the kernel read-only data: 14336k
[   12.889473] Freeing unused kernel memory: 1376K (ffff950afeea8000 - ffff950aff000000)
[   12.939384] Freeing unused kernel memory: 268K (ffff950aff3bd000 - ffff950aff400000)
[   12.955698] x86/mm: Checked W+X mappings: passed, no W+X pages found.
Loading, please wait...
starting version 231
[   12.995781] random: systemd-udevd: uninitialized urandom read (16 bytes read)
[   13.015996] random: systemd-udevd: uninitialized urandom read (16 bytes read)
[   13.017225] random: udevadm: uninitialized urandom read (16 bytes read)
[   13.017259] random: udevadm: uninitialized urandom read (16 bytes read)
[   13.017850] random: udevadm: uninitialized urandom read (16 bytes read)
[   13.017924] random: udevadm: uninitialized urandom read (16 bytes read)
[   13.017941] random: udevadm: uninitialized urandom read (16 bytes read)
[   13.018142] random: udevadm: uninitialized urandom read (16 bytes read)
[   13.018200] random: udevadm: uninitialized urandom read (16 bytes read)
[   13.018246] random: udevadm: uninitialized urandom read (16 bytes read)
[   13.575143] e1000: Intel(R) PRO/1000 Network Driver - version 7.3.21-k8-NAPI
[   13.588462] e1000: Copyright (c) 1999-2006 Intel Corporation.
[   13.653383] Fusion MPT base driver 3.04.20
[   13.668495] Copyright (c) 1999-2008 LSI Corporation
[   13.689321] Fusion MPT SPI Host driver 3.04.20
[   13.759539] AVX version of gcm_enc/dec engaged.
[   13.804476] AES CTR mode by8 optimization enabled
[   13.958448] input: ImExPS/2 Generic Explorer Mouse as /devices/platform/i8042/serio1/input/input4
[   14.111736] e1000 0000:00:03.0 eth0: (PCI:33MHz:32-bit) 02:bd:f9:05:ed:aa
[   14.123282] e1000 0000:00:03.0 eth0: Intel(R) PRO/1000 Network Connection
[   14.193386] e1000 0000:00:03.0 enp0s3: renamed from eth0
[   14.209402] mptbase: ioc0: Initiating bringup
[   14.305966] ioc0: LSI53C1030 A0: Capabilities={Initiator}
[   14.721345] scsi host2: ioc0: LSI53C1030 A0, FwRev=00000000h, Ports=1, MaxQ=256, IRQ=20
[   14.905724] scsi 2:0:0:0: Direct-Access     VBOX     HARDDISK         1.0  PQ: 0 ANSI: 5
[   14.946314] scsi target2:0:0: Beginning Domain Validation
[   14.978717] scsi target2:0:0: Domain Validation skipping write tests
[   15.005637] scsi target2:0:0: Ending Domain Validation
[   15.025118] scsi target2:0:0: asynchronous
[   15.045602] scsi 2:0:1:0: Direct-Access     VBOX     HARDDISK         1.0  PQ: 0 ANSI: 5
[   15.071258] scsi target2:0:1: Beginning Domain Validation
[   15.172854] scsi target2:0:1: Domain Validation skipping write tests
[   15.191687] scsi target2:0:1: Ending Domain Validation
[   15.242819] scsi target2:0:1: asynchronous
[   15.305186] random: fast init done
[   15.355280] sd 2:0:0:0: [sda] 20971520 512-byte logical blocks: (10.7 GB/10.0 GiB)
[   15.375351] sd 2:0:0:0: Attached scsi generic sg0 type 0
[   15.411747] sd 2:0:0:0: [sda] Write Protect is off
[   15.454202] sd 2:0:1:0: [sdb] 20480 512-byte logical blocks: (10.5 MB/10.0 MiB)
[   15.519268] sd 2:0:1:0: Attached scsi generic sg1 type 0
[   15.571592] sd 2:0:0:0: [sda] Incomplete mode parameter data
[   15.682597] sd 2:0:0:0: [sda] Assuming drive cache: write through
[   15.683004] sd 2:0:1:0: [sdb] Write Protect is off
[   15.683102] sd 2:0:1:0: [sdb] Incomplete mode parameter data
[   15.683103] sd 2:0:1:0: [sdb] Assuming drive cache: write through
[   15.684966] sd 2:0:1:0: [sdb] Attached SCSI disk
[   15.951612]  sda: sda1
[   15.964461] sd 2:0:0:0: [sda] Attached SCSI disk
[   16.866083] floppy0: no floppy controllers found
[   16.976881] work still pending
Begin: Loading e[   18.385117] md: linear personality registered for level -1
ssential drivers ... [   18.416817] md: multipath personality registered for level -4
[   18.485470] md: raid0 personality registered for level 0
[   18.509097] md: raid1 personality registered for level 1
[   18.601413] raid6: sse2x1   gen()  8085 MB/s
[   18.707193] raid6: sse2x1   xor()  6656 MB/s
[   18.801124] raid6: sse2x2   gen() 10090 MB/s
[   18.905090] raid6: sse2x2   xor()  6993 MB/s
[   18.977152] raid6: sse2x4   gen() 11600 MB/s
[   19.048877] raid6: sse2x4   xor()  8809 MB/s
[   19.072473] raid6: using algorithm sse2x4 gen() 11600 MB/s
[   19.125769] raid6: .... xor() 8809 MB/s, rmw enabled
[   19.153941] raid6: using ssse3x2 recovery algorithm
[   19.223357] xor: automatically using best checksumming function: avx
[   19.239494] async_tx: api initialized (async)
[   19.302449] md: raid6 personality registered for level 6
[   19.332494] md: raid5 personality registered for level 5
[   19.402376] md: raid4 personality registered for level 4
[   19.416177] md: raid10 personality registered for level 10
done.
Begin: Running /scripts/init-premount ... done.
Begin: Mounting root file system ... Begin: Running /scripts/local-top ... done.
Begin: Running /scripts/local-premount ... [   19.466159] Btrfs loaded, crc32c=crc32c-intel
Scanning for Btrfs filesystems
done.
Warning: fsck not present, so sk[   19.515532] EXT4-fs (sda1): mounted filesystem with ordered data mode. Opts: (null)
ipping root file system
done.
Begin: Running /scripts/local-bottom ... done.
Begin: Running /scripts/init-bottom ... /scripts/init-bottom/plymouth: line 18: /bin/plymouth: not found
done.
[   19.624795] ip_tables: (C) 2000-2006 Netfilter Core Team
[   19.685777] systemd[1]: systemd 231 running in system mode. (+PAM +AUDIT +SELINUX +IMA +APPARMOR +SMACK +SYSVINIT +UTMP +LIBCRYPTSETUP +GCRYPT +GNUTLS +ACL +XZ -LZ4 +SECCOMP +BLKID +ELFUTILS +KMOD +IDN)
[   19.823776] systemd[1]: Detected virtualization oracle.
[   19.838133] systemd[1]: Detected architecture x86-64.

Welcome to [1mUbuntu 16.10[0m!

[   19.853927] systemd[1]: Set hostname to <ubuntu>.
[   19.864058] systemd[1]: Initializing machine ID from random generator.
[   19.912409] systemd[1]: Installed transient /etc/machine-id file.
[   20.038438] systemd[1]: Created slice System Slice.
[[0;32m  OK  [0m] Created slice System Slice.
[   20.096683] systemd[1]: Created slice User and Session Slice.
[[0;32m  OK  [0m] Created slice User and Session Slice.
[   20.153600] systemd[1]: Listening on LVM2 poll daemon socket.
[[0;32m  OK  [0m] Listening on LVM2 poll daemon socket.
[   20.177383] systemd[1]: Reached target Swap.
[[0;32m  OK  [0m] Reached target Swap.
[[0;32m  OK  [0m] Started Forward Password Requests to Wall Directory Watch.
[[0;32m  OK  [0m] Listening on /dev/initctl Compatibility Named Pipe.
[[0;32m  OK  [0m] Created slice system-serial\x2dgetty.slice.
[[0;32m  OK  [0m] Listening on Journal Socket (/dev/log).
[[0;32m  OK  [0m] Listening on Device-mapper event daemon FIFOs.
[[0;32m  OK  [0m] Set up automount Arbitrary Executab...ats File System Automount Point.
[[0;32m  OK  [0m] Listening on udev Control Socket.
[[0;32m  OK  [0m] Listening on LVM2 metadata daemon socket.
[[0;32m  OK  [0m] Listening on Syslog Socket.
[[0;32m  OK  [0m] Reached target User and Group Name Lookups.
[[0;32m  OK  [0m] Reached target Slices.
[[0;32m  OK  [0m] Listening on Journal Socket.
         Mounting Debug File System...
         Starting Set the console keyboard layout...
         Mounting Huge Pages File System...
         Starting Load Kernel Mo[   20.691237] Loading iSCSI transport class v2.0-870.
dules...
[   20.775055] iscsi: registered transport (tcp)
[   20.798363] iscsi: registered transport (iser)
         Starting Remount Root and Kernel File Systems...
         [   20.847010] EXT4-fs (sda1): re-mounted. Opts: (null)
Starting Create list of required st... nodes for the current kernel...
         Starting Monitoring of LVM2 mirrors... dmeventd or progress polling...
[[0;32m  OK  [0m] Reached target Encrypted Volumes.
         Mounting POSIX Message Queue File System...
[[0;32m  OK  [0m] Listening on udev Kernel Socket.
[[0;32m  OK  [0m] Listening on Journal Audit Socket.
         Starting Journal Service...
         Starting Nameserver information manager...
         Starting Uncomplicated firewall...
[[0;32m  OK  [0m] Mounted POSIX Message Queue File System.
[[0;32m  OK  [0m] Mounted Huge Pages File System.
[[0;32m  OK  [0m] Mounted Debug File System.
[[0;32m  OK  [0m] Started Journal Service.
[[0;32m  OK  [0m] Started Load Kernel Modules.
[[0;32m  OK  [0m] Started Remount Root and Kernel File Systems.
[[0;32m  OK  [0m] Started Create list of required sta...ce nodes for the current kernel.
[[0;32m  OK  [0m] Started Uncomplicated firewall.
[[0;32m  OK  [0m] Started Nameserver information manager.
[[0;32m  OK  [0m] Started LVM2 metadata daemon.
         Starting Create Static Device Nodes in /dev...
         Starting Initial cloud-init job (pre-networking)...
         Starting udev Coldplug all Devices...
         Starting Load/Save Random Seed...
         Mounting FUSE Control File System...
         Mounting Configuration File System...
         Starting Apply Kernel Variables...
         Starting Flush Journal to Persistent Storage...
[[0;32m  OK  [0m] Mounted FUSE Control File System.
[[0;32m  OK  [0m] Mounted Configuration File System.
[[0;32m  OK  [0m] Started Monitoring of LVM2 mirrors,...ng dmeventd or progress polling.
[[0;32m  OK  [0m] Started Create Static Device Nodes in /dev.
[[0;32m  OK  [0m] Started Load/Save Random Seed.
[[0;32m  OK  [0m] Started Apply Kernel Variables.
[[0;32m  OK  [0m] Started udev Coldplug all Devices.
         Starting udev Kernel Device Manager...
[[0;32m  OK  [0m] Started Flush Journal to Persistent Storage.
[[0;32m  OK  [0m] Started udev Kernel Device Manager.
[[0;32m  OK  [0m] Started Set the console keyboard layout.
[[0;32m  OK  [0m] Reached target Local File Systems (Pre).
[[0;32m  OK  [0m] Reached target Local File Systems.
         Starting Set console font and keymap...
         Starting AppArmor initialization...
         Starting Tell Plymouth To Write Out Runtime Data...
         Starting Commit a transient machine-id on disk...
         Starting ebtables ruleset management...
[[0;32m  OK  [0m] Started Dispatch Password Requests to Console Directory Watch.
         Starting Create Volatile Files and Directories...
[[0;32m  OK  [0m] Started Set console font and keymap.
[[0;32m  OK  [0m] Started Tell Plymouth To Write Out Runtime Data.
[[0;32m  OK  [0m] Started Commit a transient machine-id on disk.
[[0;32m  OK  [0m] Started Create Volatile Files and Directories.
[[0;32m  OK  [0m] Started ebtables ruleset management.
[[0;32m  OK  [0m] Found device /dev/ttyS0.
         Starting Update UTMP about System Boot/Shutdown...
[[0;32m  OK  [0m] Reached target System Time Synchronized.
[[0;32m  OK  [0m] Started Update UTMP about System Boot/Shutdown.
[[0;32m  OK  [0m] Listening on Load/Save RF Kill Switch Status /dev/rfkill Watch.
[   17.329669] cloud-init[456]: Cloud-init v. 0.7.9 running 'init-local' at Tue, 16 May 2017 17:25:25 +0000. Up 16.97 seconds.
[[0;32m  OK  [0m] Started Initial cloud-init job (pre-networking).
[[0;32m  OK  [0m] Reached target Network (Pre).
[[0;32m  OK  [0m] Started AppArmor initialization.
         Starting Raise network interfaces...
[[0;32m  OK  [0m] Started Raise network interfaces.
         Starting Initial cloud-init job (metadata service crawler)...
[[0;32m  OK  [0m] Reached target Network.
[   21.617425] cloud-init[985]: Cloud-init v. 0.7.9 running 'init' at Tue, 16 May 2017 17:25:28 +0000. Up 20.77 seconds.
[   21.653165] cloud-init[985]: ci-info: +++++++++++++++++++++++++++++Net device info++++++++++++++++++++++++++++++
[   21.716756] cloud-init[985]: ci-info: +---------+------+-----------+---------------+-------+-------------------+
[   21.717060] cloud-init[985]: ci-info: |  Device |  Up  |  Address  |      Mask     | Scope |     Hw-Address    |
[[0;32m  OK  [0m] Started Initial cloud-init job (metadata service crawler).
[   21.717208] cloud-init[985]: ci-info: +---------+------+-----------+---------------+-------+-------------------+
[   21.960890] cloud-init[985]: ci-info: | enp0s3: | True | 10.0.2.15 | 255.255.255.0 |   .   | 02:bd:f9:05:ed:aa |
[   21.961226] cloud-init[985]: ci-info: | enp0s3: | True |     .     |       .       |   d   | 02:bd:f9:05:ed:aa |
[[0;32m  OK  [0m] Reached target Cloud-config availability.
[[   21.961388] cloud-init[985]: ci-info: |   lo:   | True | 127.0.0.1 |   255.0.0.0   |   .   |         .         |
[   22.089420] cloud-init[985]: ci-info: |   lo:   | True |     .     |       .       |   d   |         .         |
[0;32m  OK  [0m] Reached target System Initialization.
[[   22.089627] cloud-init[985]: ci-info: +---------+------+-----------+---------------+-------+-------------------+
[   22.210468] cloud-init[985]: ci-info: +++++++++++++++++++++++++++Route IPv4 info++++++++++++++++++++++++++++
[0;32m  OK  [0m] Listening on ACPID Listen Socket.
         [   22.210576] Starting Socket activation for snappy daemon.cloud-init
[985]: ci-info: +-------+-------------+----------+---------------+-----------+-------+
[   22.464767] cloud-init[985]: ci-info: | Route | Destination | Gateway  |    Genmask    | Interface | Flags |
[   22.465191] cloud-init[985]: ci-info: +-------+-------------+----------+---------------+-----------+-------+
         Starting LXD - unix socket.
[[   22.465436] cloud-init[985]: ci-info: |   0   |   0.0.0.0   | 10.0.2.2 |    0.0.0.0    |   enp0s3  |   UG  |
[   22.574260] cloud-init[985]: ci-info: |   1   |   10.0.2.0  | 0.0.0.0  | 255.255.255.0 |   enp0s3  |   U   |
[0;32m  OK  [0m] Listening on D-Bus System Message Bus Socket.
[[   22.574506] cloud-init[985]: ci-info: +-------+-------------+----------+---------------+-----------+-------+
[0;32m  OK  [0m] Listening on UUID daemon activation socket.
[   22.701336] cloud-init[985]: Generating public/private rsa key pair.
[   22.778145] cloud-init[985]: Your identification has been saved in /etc/ssh/ssh_host_rsa_key.
[   22.778692] cloud-init[985]: Your public key has been saved in /etc/ssh/ssh_host_rsa_key.pub.
[[0;32m  OK  [0m] Started ACPI Events Check.
[[   22.778998] cloud-init[985]: The key fingerprint is:
[   22.885201] cloud-init[985]: SHA256:0QnpBzio/F9GaO3ve6cAjkMFAVWhpgIOOQYU6TMUPAU root@ubuntu-yakkety
[0;32m  OK  [0m] Reached target Paths.
[[   22.885444] cloud-init[985]: The key's randomart image is:
[   22.973055] cloud-init[985]: +---[RSA 2048]----+
[0;32m  OK  [0m] Started Daily Cleanup of Temporary Directories.
[   22.973145] cloud-init[985]: |+E*..++++o       |
[   23.092645] cloud-init[985]: |.*  . oooo .     |
[   23.093086] cloud-init[985]: |Bo..  o=o.o      |
[[0;32m  OK  [0m] Started Timer to automatically refresh installed snaps.
[   23.093315] cloud-init[985]: |+*o  oo.+..      |
[[0;32m  OK  [0m[   23.161511] ] cloud-initStarted Daily apt activities.[985]: 
| .+....oS.       |
[[   23.216618] cloud-init[985]: |   ... o+.       |
[   23.217447] cloud-init[985]: |     .oo...      |
[0;32m  OK  [0m] Reached target Timers.
[[   23.217748] cloud-init[985]: |      ..  ... .  |
[   23.297756] cloud-init[985]: |         .oo.o   |
[0;32m  OK  [0m] Listening on Socket activation for snappy daemon.
[[   23.297972] cloud-init[985]: +----[SHA256]-----+
[   23.369173] cloud-init[985]: Generating public/private dsa key pair.
[0;32m  OK  [0m] Listening on LXD - unix socket.
[[   23.369265] cloud-init[985]: Your identification has been saved in /etc/ssh/ssh_host_dsa_key.
[   23.461453] cloud-init[985]: Your public key has been saved in /etc/ssh/ssh_host_dsa_key.pub.
[0;32m  OK  [0m] Reached target Sockets.
[[   23.461537] cloud-init[985]: The key fingerprint is:
[   23.565060] cloud-init[985]: SHA256:zZuFPk8q7g90vjyR4wKYXzugl4JGFBD0o7ma1vgdHLg root@ubuntu-yakkety
[0;32m  OK  [0m] Reached target Basic System.
[   23.565156] cloud-init[985]: The key's randomart image is:
[   23.680839] cloud-init[985]: +---[DSA 1024]----+
         Starting Login Service...
[   23.707232] cloud-init[985]: |++               |
[[0;32m  OK  [0m] Started FUSE filesystem for LXC.
[   23.767008] cloud-init[985]: |  o              |
[   23.816655] cloud-init[985]: |   +             |
         Starting LXD - container startup/shutdown...
[   23.839212] cloud-init[985]: |  + o    o .     |
         Starting Network Name Resolution...
[   23.907247] cloud-init[985]: | + . +  S =..    |
         Starting System Logging Service...
[   23.941527] cloud-init[985]: |  o = +..+++     |
[   23.991480] cloud-init[985]: | ooE = =.o*o.    |
[[0;32m  OK  [0m] Started D-Bus System Message Bus.
[   24.016661] cloud-init[985]: |.+o.+ = =oo*     |
[   24.091951] cloud-init[985]: |+... + oo==..    |
[[0;32m  OK  [0m] Started Snappy daemon.
[   24.092333] cloud-init[985]: +----[SHA256]-----+
[   24.153188] cloud-init[985]: Generating public/private ecdsa key pair.
[   24.183610]          Starting Accounts Service...
cloud-init[985]: Your identification has been saved in /etc/ssh/ssh_host_ecdsa_key.
[   24.237621] [cloud-init[0;32m  OK  [0m[985]: ] Your public key has been saved in /etc/ssh/ssh_host_ecdsa_key.pub.Started ACPI event daemon.

[   24.275116] [cloud-init[0;32m  OK  [0m[985]: ] The key fingerprint is:Started Regular background program processing daemon.

[   24.275865] cloud-init[985]: SHA256:Q9+rmGjSobJihQlqQIyY8hHcZTyAQGs+sVNxa0i9EXg root@ubuntu-yakkety
[   24.348544]          cloud-initStarting LSB: Record successful boot for GRUB...[985]: 
The key's randomart image is:
[[0;32m  OK  [0m] Started Deferred execution scheduler.
[   24.380357] cloud-init[985]: +---[ECDSA 256]---+
[   24.411846] cloud-init[985]: |*=.*+*+          |
[   24.463922] cloud-init[985]: |=o*.=E+          |
[   24.488579] cloud-init[985]: |o= +.oo..        |
         Starting Auto import assertions from block devices...
[[0;32m  OK  [0m] Started Unattended Upgrades Shutdown.
[[0;32m  OK  [0m] Started System Logging Service.
[   24.511827] cloud-init[985]: |= = .. . . .     |
[   24.597010] cloud-init[985]: |+=o     S . .    |
[   24.601645] cloud-init[985]: |.+o.  .  .   .   |
[   24.614158] cloud-init[985]: |. .  o .    .    |
[   24.647004] cloud-init[985]: |... o o. o .     |
[[0;32m  OK  [0m] Started LXD - container startup/shutdown.
[[0;32m  OK  [0m] Started Auto import assertions from block devices.
[[0;32m  OK  [0m] Started Network Name Resolution.
[   24.669510] cloud-init[985]: |...o o. o .      |
[   24.709707] cloud-init[985]: +----[SHA256]-----+
[   24.724650] cloud-init[985]: Generating public/private ed25519 key pair.
[   24.752584] [cloud-init[0;32m  OK  [0m[985]: ] Your identification has been saved in /etc/ssh/ssh_host_ed25519_key.Started Login Service.

[   24.833505] [cloud-init[0;32m  OK  [0m[985]: ] Your public key has been saved in /etc/ssh/ssh_host_ed25519_key.pub.Started LSB: Record successful boot for GRUB.

[   24.834511] cloud-init[985]: The key fingerprint is:
[   24.879193] cloud-init[985]: SHA256:1dy7oACvZyvNpnlzvwEVtr8bJ0tmDwYfeg8gs0+4+JI root@ubuntu-yakkety
         Starting Authenticate and Authorize Users to Run Privileged Tasks...
[[0;32m  OK  [0m] Reached target Network is Online.
[   24.931597] cloud-init[985]: The key's randomart image is:
         Starting Pollinate to seed the pseudo random number generator...
[   24.999231] cloud-init[985]: +--[ED25519 256]--+
[   25.058936] cloud-init[985]: |            o    |
[   25.080557]          cloud-initStarting Apply the settings specified in cloud-config...[985]: 
|           + +   |
[   25.120517]          cloud-initStarting iSCSI initiator daemon (iscsid)...[985]: 
|      .   . = .  |
[   25.150717] [cloud-init[0;32m  OK  [0m[985]: ] |       o . . . . |Started Authenticate and Authorize Users to Run Privileged Tasks.

[[0;32m  OK  [0m] Started iSCSI initiator daemon (iscsid).
[   25.203441] cloud-init[985]: |        S + + +  |
[   25.248971] cloud-init[985]: |       . . B * + |
[   25.264958] cloud-init[985]: |      .oo.+ + # .|
[[0;32m  OK  [0m] Started Accounts Service.
[   25.274053] cloud-init[985]: |      .+Eo.+ B @ |
         Starting Login to default iSCSI targets...
[   25.335920] cloud-init[985]: |      o=o=o.+.o o|
[   25.373410] cloud-init[985]: +----[SHA256]-----+
[[0;32m  OK  [0m] Started Login to default iSCSI targets.
[[0;32m  OK  [0m] Reached target Remote File Systems (Pre).
[[0;32m  OK  [0m] Reached target Remote File Systems.
         Starting LSB: daemon to balance interrupts for SMP systems...
         Starting LSB: automatic crash report generation...
         Starting Permit User Sessions...
         Starting LSB: VirtualBox Linux Additions...
[[0;32m  OK  [0m] Started Permit User Sessions.
         Starting Terminate Plymouth Boot Screen...
         Starting Hold until boot process finishes up...
[[0;32m  OK  [0m] Started LSB: automatic crash report generation.
[[0;32m  OK  [0m] Started LSB: VirtualBox Linux Additions.
[[0;32m  OK  [0m] Started Terminate Plymouth Boot Screen.
[[0;32m  OK  [0m] Started Hold until boot process finishes up.
[[0;32m  OK  [0m] Started Serial Getty on ttyS0.
         Starting Set console scheme...
[[0;32m  OK  [0m] Started Pollinate to seed the pseudo random number generator.
[[0;32m  OK  [0m] Started LSB: daemon to balance interrupts for SMP systems.
[   25.964938] cloud-init[1346]: Generating locales (this might take a while)...
[[0;32m  OK  [0m] Started Set console scheme.
[[0;32m  OK  [0m] Created slice system-getty.slice.
[[0;32m  OK  [0m] Started Getty on tty1.
[[0;32m  OK  [0m] Reached target Login Prompts.
         Starting OpenBSD Secure Shell server...
[[0;32m  OK  [0m] Started OpenBSD Secure Shell server.
[[0;32m  OK  [0m] Reached target Multi-User System.
[[0;32m  OK  [0m] Reached target Graphical Interface.
         Starting Update UTMP about System Runlevel Changes...
[[0;32m  OK  [0m] Started Update UTMP about System Runlevel Changes.
[   26.998402] cloud-init[1346]:   en_US.UTF-8... done
[   27.012704] cloud-init[1346]: Generation complete.
         Stopping OpenBSD Secure Shell server...
[[0;32m  OK  [0m] Stopped OpenBSD Secure Shell server.
         Starting OpenBSD Secure Shell server...
[[0;32m  OK  [0m] Started OpenBSD Secure Shell server.
[[0;32m  OK  [0m] Created slice User Slice of ubuntu.
         Starting User Manager for UID 1000...
[[0;32m  OK  [0m] Started User Manager for UID 1000.
[[0;32m  OK  [0m] Started Session 1 of user ubuntu.
[   27.573637] cloud-init[1346]: Cloud-init v. 0.7.9 running 'modules:config' at Tue, 16 May 2017 17:25:33 +0000. Up 25.77 seconds.
[[0;32m  OK  [0m] Started Apply the settings specified in cloud-config.
         Starting Execute cloud user/final scripts...
ci-info: no authorized ssh keys fingerprints found for user ubuntu.
<14>May 16 17:25:36 ec2: 
<14>May 16 17:25:36 ec2: #############################################################
<14>May 16 17:25:36 ec2: -----BEGIN SSH HOST KEY FINGERPRINTS-----
<14>May 16 17:25:36 ec2: 1024 SHA256:zZuFPk8q7g90vjyR4wKYXzugl4JGFBD0o7ma1vgdHLg root@ubuntu-yakkety (DSA)
<14>May 16 17:25:36 ec2: 256 SHA256:Q9+rmGjSobJihQlqQIyY8hHcZTyAQGs+sVNxa0i9EXg root@ubuntu-yakkety (ECDSA)
<14>May 16 17:25:36 ec2: 256 SHA256:1dy7oACvZyvNpnlzvwEVtr8bJ0tmDwYfeg8gs0+4+JI root@ubuntu-yakkety (ED25519)
<14>May 16 17:25:36 ec2: 2048 SHA256:0QnpBzio/F9GaO3ve6cAjkMFAVWhpgIOOQYU6TMUPAU root@ubuntu-yakkety (RSA)
<14>May 16 17:25:36 ec2: -----END SSH HOST KEY FINGERPRINTS-----
<14>May 16 17:25:36 ec2: #############################################################
-----BEGIN SSH HOST KEY KEYS-----
ecdsa-sha2-nistp256 AAAAE2VjZHNhLXNoYTItbmlzdHAyNTYAAAAIbmlzdHAyNTYAAABBBJDdpBD60BoCQs1N/MIxjXbwMWBC1YFSca5CP9wNSrs/ZzKwCx+w0VyQVcFQ5T8ARTpGaAvoxYGwEgheAq82cEI= root@ubuntu-yakkety
ssh-ed25519 AAAAC3NzaC1lZDI1NTE5AAAAIA2uEA6GRBEkdNDK1npgidrBs/mYA8696aMVlz9tj4DV root@ubuntu-yakkety
ssh-rsa AAAAB3NzaC1yc2EAAAADAQABAAABAQDfqzLhnK4mAIFgXeveZZ4Ij/F3RinS8sHVf6c2nRQGzc3178H4C1SgegYwSumju+FjsqoIhuRJiYTTKMloLfMzHDKObInMPpYNabwAypx/9xTLAnmEs3PHQUuLpnBBQS/upcXRjA7j7/OADnnLYpVDW+09aYA6hYDmbXU+JJiZnwQkrmozsApj9nwgSAVjEuoii9Ewk7XWuXTeg6ZXaVAINjYnAOt16tgwEPz8/MysQh0fuiwJEv8y/4I/ULYHkLpye1dwI5gS15JpvvTm+Z/bYwI96x0ig5glmoYNHVxupEhK/aLp8hibEyNUDx5dOJkDVGSL1YKgfCtgpN5QKR7d root@ubuntu-yakkety
-----END SSH HOST KEY KEYS-----
[   28.764999] cloud-init[1688]: Cloud-init v. 0.7.9 running 'modules:final' at Tue, 16 May 2017 17:25:36 +0000. Up 28.08 seconds.
[   28.810946] cloud-init[1688]: ci-info: no authorized ssh keys fingerprints found for user ubuntu.
[   28.856449] cloud-init[1688]: Cloud-init v. 0.7.9 finished at Tue, 16 May 2017 17:25:36 +0000. Datasource DataSourceNoCloud [seed=/dev/sdb][dsmode=net].  Up 28.75 seconds
[[0;32m  OK  [0m] Started Execute cloud user/final scripts.
[[0;32m  OK  [0m] Reached target Cloud-init target.

Ubuntu 16.10 ubuntu-yakkety ttyS0

ubuntu-yakkety login: 